"Start of log file."
"D:/Programming/GitHub/SM64HDR/Assets/Mario64HD/Mesh/Coin.max"
"Starting max loading and fbx conversion"
window = undefined
"Settings units"
"Before fbx export"
"After fbx export"
"Finished max loading and fbx conversion"
"D:/Programming/GitHub/SM64HDR/Assets/Mario64HD/Mesh/CoinGrate.max"
"Starting max loading and fbx conversion"
window = undefined
"Settings units"
"Before fbx export"
"After fbx export"
"Finished max loading and fbx conversion"
"D:/Programming/GitHub/SM64HDR/Assets/Mario64HD/Mesh/Materials/Flowers.max"
"Starting max loading and fbx conversion"
window = undefined
"Settings units"
"Before fbx export"
"After fbx export"
"Finished max loading and fbx conversion"
"D:/Programming/GitHub/SM64HDR/Assets/Mario64HD/Mesh/FenceLong.max"
"Starting max loading and fbx conversion"
window = undefined
"Settings units"
"Before fbx export"
"After fbx export"
"Finished max loading and fbx conversion"
"D:/Programming/GitHub/SM64HDR/Assets/Mario64HD/Mesh/WoodenPost.max"
"Starting max loading and fbx conversion"
window = undefined
"Settings units"
"Before fbx export"
"After fbx export"
"Finished max loading and fbx conversion"
"D:/Programming/GitHub/SM64HDR/Assets/New Assets/Models/Levels/Rooms/Bob-Omb Battlefield/bobomb.max"
"Starting max loading and fbx conversion"
window = undefined
"Settings units"
"Before fbx export"
"After fbx export"
"Finished max loading and fbx conversion"
"D:/Programming/GitHub/SM64HDR/Assets/New Assets/Models/Colider/collider_windows.max"
"Starting max loading and fbx conversion"
window = undefined
"Settings units"
"Before fbx export"
"After fbx export"
"Finished max loading and fbx conversion"
"D:/Programming/GitHub/SM64HDR/Assets/Mario64HD/Mesh/GrateParticles.max"
"Starting max loading and fbx conversion"
window = undefined
"Settings units"
"Before fbx export"
"After fbx export"
"Finished max loading and fbx conversion"
"D:/Programming/GitHub/SM64HDR/Assets/Mario64HD/Mesh/WaterBomb.max"
"Starting max loading and fbx conversion"
window = undefined
"Settings units"
"Before fbx export"
"After fbx export"
"Finished max loading and fbx conversion"
"D:/Programming/GitHub/SM64HDR/Assets/Mario64HD/Mesh/FlowersBlue.max"
"Starting max loading and fbx conversion"
window = undefined
"Settings units"
"Before fbx export"
"After fbx export"
"Finished max loading and fbx conversion"
"D:/Programming/GitHub/SM64HDR/Assets/New Assets/Models/Levels/Rooms/jolly-roger-bay/jolly roger bay.max"
"Starting max loading and fbx conversion"
window = undefined
"Settings units"
"Before fbx export"
"After fbx export"
"Finished max loading and fbx conversion"
"D:/Programming/GitHub/SM64HDR/Assets/Mario64HD/Mesh/PlankParticle.max"
"Starting max loading and fbx conversion"
window = undefined
"Settings units"
"Before fbx export"
"After fbx export"
"Finished max loading and fbx conversion"
"D:/Programming/GitHub/SM64HDR/Assets/Mario64HD/Mesh/Springboard.max"
"Starting max loading and fbx conversion"
window = undefined
"Settings units"
"Before fbx export"
"After fbx export"
"Finished max loading and fbx conversion"
"D:/Programming/GitHub/SM64HDR/Assets/Mario64HD/Mesh/BobOmb.max"
"Starting max loading and fbx conversion"
window = undefined
"Settings units"
"Before fbx export"
"After fbx export"
"Finished max loading and fbx conversion"
"D:/Programming/GitHub/SM64HDR/Assets/New Assets/Models/Others/powerstar/PowerStar.max"
"Starting max loading and fbx conversion"
window = undefined
"Settings units"
"Before fbx export"
"After fbx export"
"Finished max loading and fbx conversion"
"D:/Programming/GitHub/SM64HDR/Assets/Mario64HD/Mesh/CoinBlock.max"
"Starting max loading and fbx conversion"
window = undefined
"Settings units"
"Before fbx export"
"After fbx export"
"Finished max loading and fbx conversion"
"D:/Programming/GitHub/SM64HDR/Assets/Mario64HD/Mesh/SuperMario.max"
"Starting max loading and fbx conversion"
window = undefined
"Settings units"
"Before fbx export"
"After fbx export"
"Finished max loading and fbx conversion"
"D:/Programming/GitHub/SM64HDR/Assets/New Assets/Models/Colider/collider_castle.max"
"Starting max loading and fbx conversion"
window = undefined
"Settings units"
"Before fbx export"
"After fbx export"
"Finished max loading and fbx conversion"
"D:/Programming/GitHub/SM64HDR/Assets/New Assets/Models/Levels/whomps fortest.max"
"Starting max loading and fbx conversion"
window = undefined
"Settings units"
"Before fbx export"
"After fbx export"
"Finished max loading and fbx conversion"
"D:/Programming/GitHub/SM64HDR/Assets/New Assets/Models/Colider/collider_grass.max"
"Starting max loading and fbx conversion"
window = undefined
"Settings units"
"Before fbx export"
"After fbx export"
"Finished max loading and fbx conversion"
"D:/Programming/GitHub/SM64HDR/Assets/Mario64HD/Mesh/FenceSmall.max"
"Starting max loading and fbx conversion"
window = undefined
"Settings units"
"Before fbx export"
"After fbx export"
"Finished max loading and fbx conversion"
"D:/Programming/GitHub/SM64HDR/Assets/Mario64HD/Mesh/Flowers.max"
"Starting max loading and fbx conversion"
window = undefined
"Settings units"
"Before fbx export"
"After fbx export"
"Finished max loading and fbx conversion"
"D:/Programming/GitHub/SM64HDR/Assets/New Assets/Models/Levels/Rooms/whomp's fortress/whomp's-fortress.max"
"Starting max loading and fbx conversion"
window = undefined
"Settings units"
"Before fbx export"
"After fbx export"
"Finished max loading and fbx conversion"
"D:/Programming/GitHub/SM64HDR/Assets/Mario64HD/Mesh/ShockwaveParticle.max"
"Starting max loading and fbx conversion"
window = undefined
"Settings units"
"Before fbx export"
"After fbx export"
"Finished max loading and fbx conversion"
"D:/Programming/GitHub/SM64HDR/Assets/Mario64HD/Mesh/BobOmbBattlefield.max"
"Starting max loading and fbx conversion"
window = undefined
"Settings units"
"Before fbx export"
"After fbx export"
"Finished max loading and fbx conversion"
"D:/Programming/GitHub/SM64HDR/Assets/New Assets/Models/Levels/Island/Island.max"
"Starting max loading and fbx conversion"
window = undefined
"Settings units"
"Before fbx export"
"After fbx export"
"Finished max loading and fbx conversion"
"D:/Programming/GitHub/SM64HDR/Assets/Mario64HD/Mesh/PowerStar.max"
"Starting max loading and fbx conversion"
window = undefined
"Settings units"
"Before fbx export"
"After fbx export"
"Finished max loading and fbx conversion"
"D:/Programming/GitHub/SM64HDR/Assets/New Assets/Models/Others/tree.max"
"Starting max loading and fbx conversion"
window = undefined
"Settings units"
"Before fbx export"
"After fbx export"
"Finished max loading and fbx conversion"
"D:/Programming/GitHub/SM64HDR/Assets/Mario64HD/Mesh/Plane.max"
"Starting max loading and fbx conversion"
window = undefined
"Settings units"
"Before fbx export"
"After fbx export"
"Finished max loading and fbx conversion"
"D:/Programming/GitHub/SM64HDR/Assets/New Assets/Models/Levels/Rooms/coolcoolmountian/output.max"
"Starting max loading and fbx conversion"
window = undefined
"Settings units"
"Before fbx export"
"After fbx export"
"Finished max loading and fbx conversion"
"D:/Programming/GitHub/SM64HDR/Assets/Mario64HD/Mesh/ScaleAnimator.max"
"Starting max loading and fbx conversion"
window = undefined
"Settings units"
"Before fbx export"
"After fbx export"
"Finished max loading and fbx conversion"
"D:/Programming/GitHub/SM64HDR/Assets/Mario64HD/Mesh/WoodBox.max"
"Starting max loading and fbx conversion"
window = undefined
"Settings units"
"Before fbx export"
"After fbx export"
"Finished max loading and fbx conversion"
"D:/Programming/GitHub/SM64HDR/Assets/New Assets/Models/Colider/collider_tree.max"
"Starting max loading and fbx conversion"
window = undefined
"Settings units"
"Before fbx export"
"After fbx export"
"Finished max loading and fbx conversion"
"D:/Programming/GitHub/SM64HDR/Assets/Mario64HD/Mesh/Goomba.max"
"Starting max loading and fbx conversion"
window = undefined
"Settings units"
"Before fbx export"
"After fbx export"
"Finished max loading and fbx conversion"
"D:/Programming/GitHub/SM64HDR/Assets/New Assets/Models/Levels/Rooms/SecretSlideRoom/SecretSlideRoom.max"
"Starting max loading and fbx conversion"
window = undefined
"Settings units"
"Before fbx export"
"After fbx export"
"Finished max loading and fbx conversion"
"D:/Programming/GitHub/SM64HDR/Assets/New Assets/Models/Levels/inside.max"
"Starting max loading and fbx conversion"
window = undefined
"Settings units"
"Before fbx export"
"After fbx export"
"Finished max loading and fbx conversion"
"D:/Programming/GitHub/SM64HDR/Assets/New Assets/Models/Levels/Rooms/Inside-Castle/inside.max"
"Starting max loading and fbx conversion"
window = undefined
"Settings units"
"Before fbx export"
"After fbx export"
"Finished max loading and fbx conversion"
"D:/Programming/GitHub/SM64HDR/Assets/Mario64HD/Mesh/BobOmbBattlefieldRedux.max"
"Starting max loading and fbx conversion"
window = undefined
"Settings units"
"Before fbx export"
"After fbx export"
"Finished max loading and fbx conversion"
"D:/Programming/GitHub/SM64HDR/Assets/Mario64HD/Mesh/RollingBallShards.max"
"Starting max loading and fbx conversion"
window = undefined
"Settings units"
"Before fbx export"
"After fbx export"
"Finished max loading and fbx conversion"
"D:/Programming/GitHub/SM64HDR/Assets/Mario64HD/Mesh/FenceMedium.max"
"Starting max loading and fbx conversion"
window = undefined
"Settings units"
"Before fbx export"
"After fbx export"
"Finished max loading and fbx conversion"
"D:/Programming/GitHub/SM64HDR/Assets/Mario64HD/Mesh/Cannon.max"
"Starting max loading and fbx conversion"
window = undefined
"Settings units"
"Before fbx export"
"After fbx export"
"Finished max loading and fbx conversion"
